TN:
SF:src\middlewares\auth.middleware.js
FN:3,(anonymous_0)
FN:21,(anonymous_1)
FN:22,(anonymous_2)
FNF:3
FNH:3
FNDA:4,(anonymous_0)
FNDA:3,(anonymous_1)
FNDA:4,(anonymous_2)
DA:1,1
DA:3,1
DA:4,4
DA:5,4
DA:7,4
DA:8,2
DA:11,2
DA:12,2
DA:13,1
DA:14,1
DA:17,1
DA:21,1
DA:22,3
DA:23,4
DA:24,1
DA:26,3
DA:31,1
LF:17
LH:17
BRDA:5,0,0,4
BRDA:5,0,1,3
BRDA:7,1,0,2
BRDA:7,1,1,2
BRDA:23,2,0,1
BRDA:23,2,1,3
BRF:6
BRH:6
end_of_record
TN:
SF:src\modules\admin\admin.controller.js
FN:3,(anonymous_0)
FN:12,(anonymous_1)
FN:21,(anonymous_2)
FN:31,(anonymous_3)
FN:40,(anonymous_4)
FN:64,(anonymous_5)
FNF:6
FNH:6
FNDA:2,(anonymous_0)
FNDA:2,(anonymous_1)
FNDA:2,(anonymous_2)
FNDA:2,(anonymous_3)
FNDA:5,(anonymous_4)
FNDA:5,(anonymous_5)
DA:1,1
DA:3,1
DA:4,2
DA:5,2
DA:6,1
DA:8,1
DA:12,1
DA:13,2
DA:14,2
DA:15,1
DA:17,1
DA:21,1
DA:22,2
DA:23,2
DA:24,2
DA:25,1
DA:27,1
DA:31,1
DA:32,2
DA:33,2
DA:34,1
DA:36,1
DA:40,1
DA:41,5
DA:43,5
DA:44,5
DA:45,1
DA:57,4
DA:58,3
DA:60,1
DA:64,1
DA:65,5
DA:67,5
DA:68,5
DA:69,1
DA:72,4
DA:76,3
DA:78,1
DA:81,1
LF:39
LH:39
BRDA:57,0,0,3
BRDA:57,0,1,1
BRDA:57,1,0,4
BRDA:57,1,1,3
BRDA:57,1,2,2
BRDA:72,2,0,3
BRDA:72,2,1,1
BRDA:72,3,0,4
BRDA:72,3,1,3
BRDA:72,3,2,2
BRF:10
BRH:10
end_of_record
TN:
SF:src\modules\admin\admin.routes.js
FNF:0
FNH:0
DA:1,0
DA:2,0
DA:3,0
DA:5,0
DA:7,0
DA:9,0
DA:10,0
DA:11,0
DA:12,0
DA:13,0
DA:14,0
DA:16,0
LF:12
LH:0
BRF:0
BRH:0
end_of_record
TN:
SF:src\modules\admin\admin.service.js
FN:5,(anonymous_0)
FN:13,(anonymous_1)
FN:24,(anonymous_2)
FN:37,(anonymous_3)
FN:49,(anonymous_4)
FN:87,deleteUserService
FNF:6
FNH:6
FNDA:2,(anonymous_0)
FNDA:2,(anonymous_1)
FNDA:4,(anonymous_2)
FNDA:4,(anonymous_3)
FNDA:7,(anonymous_4)
FNDA:4,deleteUserService
DA:1,2
DA:2,2
DA:3,2
DA:5,2
DA:9,2
DA:10,2
DA:13,2
DA:19,2
DA:20,2
DA:21,1
DA:24,2
DA:25,4
DA:26,4
DA:28,3
DA:29,3
DA:31,2
DA:32,2
DA:34,1
DA:37,2
DA:38,4
DA:39,4
DA:41,3
DA:43,3
DA:45,2
DA:49,2
DA:51,7
DA:52,7
DA:53,7
DA:54,7
DA:56,7
DA:57,1
DA:59,6
DA:60,1
DA:62,5
DA:63,1
DA:65,4
DA:66,1
DA:69,3
DA:70,3
DA:71,1
DA:74,2
DA:76,2
DA:83,2
DA:84,1
DA:88,4
DA:89,4
DA:90,4
DA:92,3
DA:93,3
DA:94,1
DA:96,2
DA:97,2
DA:98,1
DA:100,1
DA:102,3
DA:105,2
LF:56
LH:56
BRDA:20,0,0,1
BRDA:20,0,1,1
BRDA:26,1,0,1
BRDA:26,1,1,3
BRDA:29,2,0,1
BRDA:29,2,1,2
BRDA:32,3,0,1
BRDA:32,3,1,1
BRDA:39,4,0,1
BRDA:39,4,1,3
BRDA:43,5,0,1
BRDA:43,5,1,2
BRDA:56,6,0,1
BRDA:56,6,1,6
BRDA:59,7,0,1
BRDA:59,7,1,5
BRDA:62,8,0,1
BRDA:62,8,1,4
BRDA:65,9,0,1
BRDA:65,9,1,3
BRDA:70,10,0,1
BRDA:70,10,1,2
BRDA:83,11,0,1
BRDA:83,11,1,1
BRDA:90,12,0,1
BRDA:90,12,1,3
BRDA:93,13,0,1
BRDA:93,13,1,2
BRDA:97,14,0,1
BRDA:97,14,1,1
BRF:30
BRH:30
end_of_record
TN:
SF:src\modules\auth\auth.controller.js
FN:13,(anonymous_0)
FN:30,(anonymous_1)
FN:34,(anonymous_2)
FNF:3
FNH:3
FNDA:3,(anonymous_0)
FNDA:1,(anonymous_1)
FNDA:1,(anonymous_2)
DA:1,1
DA:13,1
DA:14,3
DA:15,3
DA:17,3
DA:19,1
DA:22,2
DA:23,1
DA:25,1
DA:30,1
DA:31,1
DA:34,1
DA:35,1
DA:37,1
LF:14
LH:14
BRDA:22,0,0,1
BRDA:22,0,1,1
BRF:2
BRH:2
end_of_record
TN:
SF:src\modules\auth\auth.routes.js
FNF:0
FNH:0
DA:1,0
DA:2,0
DA:3,0
DA:5,0
DA:7,0
DA:8,0
DA:9,0
DA:11,0
LF:8
LH:0
BRF:0
BRH:0
end_of_record
TN:
SF:src\modules\auth\auth.service.js
FN:47,(anonymous_0)
FNF:1
FNH:1
FNDA:6,(anonymous_0)
DA:1,2
DA:2,2
DA:3,2
DA:47,2
DA:49,6
DA:51,6
DA:52,3
DA:55,3
DA:56,3
DA:57,1
DA:60,2
DA:61,2
DA:63,2
DA:73,2
LF:14
LH:14
BRDA:51,0,0,3
BRDA:51,0,1,3
BRDA:51,1,0,6
BRDA:51,1,1,4
BRDA:56,2,0,1
BRDA:56,2,1,2
BRF:6
BRH:6
end_of_record
TN:
SF:src\modules\campaigns\campaigns.controller.js
FN:3,(anonymous_0)
FN:14,(anonymous_1)
FN:30,(anonymous_2)
FN:40,(anonymous_3)
FN:51,(anonymous_4)
FN:63,(anonymous_5)
FN:72,(anonymous_6)
FN:81,(anonymous_7)
FNF:8
FNH:8
FNDA:2,(anonymous_0)
FNDA:4,(anonymous_1)
FNDA:2,(anonymous_2)
FNDA:3,(anonymous_3)
FNDA:3,(anonymous_4)
FNDA:2,(anonymous_5)
FNDA:2,(anonymous_6)
FNDA:2,(anonymous_7)
DA:1,1
DA:3,1
DA:5,2
DA:6,2
DA:7,1
DA:9,1
DA:14,1
DA:15,4
DA:16,4
DA:17,1
DA:20,3
DA:21,1
DA:23,2
DA:24,1
DA:26,1
DA:30,1
DA:31,2
DA:32,2
DA:33,1
DA:34,1
DA:36,1
DA:40,1
DA:41,3
DA:42,3
DA:43,1
DA:45,2
DA:46,1
DA:51,1
DA:52,3
DA:53,3
DA:54,1
DA:57,2
DA:58,1
DA:59,1
DA:63,1
DA:64,2
DA:65,2
DA:66,1
DA:68,1
DA:72,1
DA:73,2
DA:74,2
DA:75,1
DA:77,1
DA:81,1
DA:82,2
DA:83,2
DA:84,1
DA:86,1
DA:90,1
LF:50
LH:50
BRDA:20,0,0,1
BRDA:20,0,1,2
BRDA:23,1,0,1
BRDA:23,1,1,1
BRDA:45,2,0,1
BRDA:45,2,1,1
BRDA:57,3,0,1
BRDA:57,3,1,1
BRF:8
BRH:8
end_of_record
TN:
SF:src\modules\campaigns\campaigns.routes.js
FNF:0
FNH:0
DA:1,0
DA:2,0
DA:3,0
DA:5,0
DA:7,0
DA:9,0
DA:10,0
DA:11,0
DA:12,0
DA:13,0
DA:14,0
DA:15,0
DA:16,0
DA:18,0
LF:14
LH:0
BRF:0
BRH:0
end_of_record
TN:
SF:src\modules\campaigns\campaigns.service.js
FN:16,(anonymous_0)
FN:44,(anonymous_1)
FN:66,(anonymous_2)
FN:113,(anonymous_3)
FN:178,(anonymous_4)
FN:213,(anonymous_5)
FN:227,(anonymous_6)
FN:242,(anonymous_7)
FNF:8
FNH:7
FNDA:3,(anonymous_0)
FNDA:4,(anonymous_1)
FNDA:5,(anonymous_2)
FNDA:7,(anonymous_3)
FNDA:5,(anonymous_4)
FNDA:0,(anonymous_5)
FNDA:4,(anonymous_6)
FNDA:3,(anonymous_7)
DA:1,2
DA:12,2
DA:14,2
DA:16,2
DA:18,3
DA:19,1
DA:20,1
DA:21,1
DA:24,0
DA:28,2
DA:29,2
DA:30,2
DA:35,2
DA:36,2
DA:39,0
DA:44,2
DA:45,4
DA:46,4
DA:48,4
DA:50,3
DA:52,2
DA:53,2
DA:55,2
DA:58,2
DA:59,2
DA:62,2
DA:66,2
DA:70,5
DA:71,1
DA:74,4
DA:76,2
DA:77,2
DA:79,2
DA:80,2
DA:82,2
DA:83,0
DA:86,2
DA:87,1
DA:88,1
DA:91,2
DA:92,2
DA:95,2
DA:96,2
DA:103,2
DA:104,2
DA:109,0
DA:113,2
DA:114,7
DA:115,7
DA:116,7
DA:118,6
DA:120,5
DA:123,5
DA:124,2
DA:130,2
DA:131,2
DA:133,2
DA:134,2
DA:136,1
DA:137,1
DA:141,4
DA:143,4
DA:144,2
DA:145,1
DA:148,3
DA:149,0
DA:152,3
DA:153,1
DA:154,1
DA:156,1
DA:157,1
DA:158,1
DA:159,1
DA:160,1
DA:163,0
DA:164,0
DA:167,2
DA:168,1
DA:171,2
DA:174,5
DA:178,2
DA:179,5
DA:180,5
DA:181,5
DA:182,5
DA:183,1
DA:186,4
DA:187,4
DA:188,1
DA:191,3
DA:192,3
DA:193,1
DA:195,2
DA:196,1
DA:199,1
DA:200,1
DA:201,0
DA:204,1
DA:209,4
DA:213,2
DA:214,0
DA:215,0
DA:217,0
DA:223,0
DA:224,0
DA:227,2
DA:228,4
DA:229,4
DA:231,3
DA:232,2
DA:233,2
DA:236,2
DA:237,2
DA:239,1
DA:242,2
DA:243,3
DA:244,2
DA:245,2
DA:247,2
DA:250,2
LF:120
LH:107
BRDA:18,0,0,1
BRDA:18,0,1,2
BRDA:28,1,0,2
BRDA:28,1,1,0
BRDA:48,2,0,1
BRDA:48,2,1,3
BRDA:50,3,0,2
BRDA:50,3,1,1
BRDA:55,4,0,1
BRDA:55,4,1,1
BRDA:55,5,0,2
BRDA:55,5,1,1
BRDA:70,6,0,1
BRDA:70,6,1,4
BRDA:74,7,0,2
BRDA:74,7,1,2
BRDA:74,8,0,4
BRDA:74,8,1,3
BRDA:82,9,0,0
BRDA:82,9,1,2
BRDA:82,10,0,2
BRDA:82,10,1,2
BRDA:86,11,0,1
BRDA:86,11,1,1
BRDA:87,12,0,0
BRDA:87,12,1,1
BRDA:88,13,0,1
BRDA:88,13,1,0
BRDA:98,14,0,2
BRDA:98,14,1,1
BRDA:116,15,0,1
BRDA:116,15,1,6
BRDA:118,16,0,1
BRDA:118,16,1,5
BRDA:123,17,0,2
BRDA:123,17,1,3
BRDA:123,18,0,5
BRDA:123,18,1,2
BRDA:131,19,0,0
BRDA:131,19,1,2
BRDA:134,20,0,1
BRDA:134,20,1,1
BRDA:137,21,0,0
BRDA:137,21,1,1
BRDA:143,22,0,2
BRDA:143,22,1,2
BRDA:144,23,0,1
BRDA:144,23,1,1
BRDA:144,24,0,2
BRDA:144,24,1,2
BRDA:148,25,0,0
BRDA:148,25,1,3
BRDA:149,26,0,0
BRDA:149,26,1,0
BRDA:152,27,0,1
BRDA:152,27,1,2
BRDA:152,28,0,3
BRDA:152,28,1,2
BRDA:153,29,0,1
BRDA:153,29,1,0
BRDA:154,30,0,1
BRDA:154,30,1,0
BRDA:156,31,0,1
BRDA:156,31,1,0
BRDA:156,32,0,1
BRDA:156,32,1,1
BRDA:159,33,0,0
BRDA:159,33,1,1
BRDA:159,34,0,1
BRDA:159,34,1,1
BRDA:160,35,0,1
BRDA:160,35,1,0
BRDA:167,36,0,1
BRDA:167,36,1,1
BRDA:182,37,0,1
BRDA:182,37,1,4
BRDA:187,38,0,1
BRDA:187,38,1,3
BRDA:187,39,0,4
BRDA:187,39,1,4
BRDA:187,39,2,4
BRDA:192,40,0,1
BRDA:192,40,1,2
BRDA:195,41,0,1
BRDA:195,41,1,1
BRDA:200,42,0,0
BRDA:200,42,1,1
BRDA:215,43,0,0
BRDA:215,43,1,0
BRDA:229,44,0,1
BRDA:229,44,1,3
BRDA:231,45,0,2
BRDA:231,45,1,1
BRDA:233,46,0,1
BRDA:233,46,1,1
BRDA:237,47,0,1
BRDA:237,47,1,1
BRDA:239,48,0,1
BRDA:239,48,1,0
BRDA:243,49,0,2
BRDA:243,49,1,1
BRDA:245,50,0,1
BRDA:245,50,1,1
BRF:103
BRH:85
end_of_record
TN:
SF:src\modules\forms\forms.controller.js
FN:3,(anonymous_0)
FN:12,(anonymous_1)
FN:21,(anonymous_2)
FN:30,(anonymous_3)
FN:39,(anonymous_4)
FN:48,(anonymous_5)
FN:57,(anonymous_6)
FN:66,(anonymous_7)
FN:75,(anonymous_8)
FNF:9
FNH:9
FNDA:2,(anonymous_0)
FNDA:2,(anonymous_1)
FNDA:2,(anonymous_2)
FNDA:2,(anonymous_3)
FNDA:2,(anonymous_4)
FNDA:2,(anonymous_5)
FNDA:2,(anonymous_6)
FNDA:2,(anonymous_7)
FNDA:2,(anonymous_8)
DA:1,1
DA:3,1
DA:4,2
DA:5,2
DA:6,1
DA:8,1
DA:12,1
DA:13,2
DA:14,2
DA:15,1
DA:17,1
DA:21,1
DA:22,2
DA:23,2
DA:24,1
DA:26,1
DA:30,1
DA:31,2
DA:32,2
DA:33,1
DA:35,1
DA:39,1
DA:40,2
DA:41,2
DA:42,1
DA:44,1
DA:48,1
DA:49,2
DA:50,2
DA:51,1
DA:53,1
DA:57,1
DA:58,2
DA:59,2
DA:60,1
DA:62,1
DA:66,1
DA:67,2
DA:68,2
DA:69,1
DA:71,1
DA:75,1
DA:76,2
DA:77,2
DA:78,1
DA:80,1
DA:84,1
LF:47
LH:47
BRF:0
BRH:0
end_of_record
TN:
SF:src\modules\forms\forms.routes.js
FNF:0
FNH:0
DA:1,0
DA:2,0
DA:3,0
DA:5,0
DA:7,0
DA:8,0
DA:9,0
DA:10,0
DA:11,0
DA:12,0
DA:13,0
DA:14,0
DA:15,0
DA:17,0
LF:14
LH:0
BRF:0
BRH:0
end_of_record
TN:
SF:src\modules\forms\forms.service.js
FN:4,(anonymous_0)
FN:16,(anonymous_1)
FN:27,(anonymous_2)
FN:48,(anonymous_3)
FN:68,(anonymous_4)
FN:76,(anonymous_5)
FN:86,(anonymous_6)
FN:91,(anonymous_7)
FN:126,(anonymous_8)
FN:132,(anonymous_9)
FNF:10
FNH:8
FNDA:6,(anonymous_0)
FNDA:3,(anonymous_1)
FNDA:4,(anonymous_2)
FNDA:5,(anonymous_3)
FNDA:2,(anonymous_4)
FNDA:0,(anonymous_5)
FNDA:2,(anonymous_6)
FNDA:0,(anonymous_7)
FNDA:3,(anonymous_8)
FNDA:1,(anonymous_9)
DA:1,2
DA:2,2
DA:4,2
DA:5,6
DA:6,6
DA:7,6
DA:9,3
DA:12,3
DA:13,1
DA:16,2
DA:17,3
DA:18,2
DA:19,2
DA:21,2
DA:27,2
DA:28,4
DA:39,4
DA:41,3
DA:42,2
DA:43,2
DA:45,2
DA:48,2
DA:49,5
DA:58,5
DA:59,4
DA:61,3
DA:62,3
DA:63,2
DA:65,1
DA:68,2
DA:69,2
DA:70,2
DA:71,1
DA:73,2
DA:76,2
DA:77,0
DA:78,0
DA:80,0
DA:81,0
DA:83,0
DA:86,2
DA:87,2
DA:88,1
DA:91,2
DA:92,0
DA:93,0
DA:97,0
DA:113,0
DA:114,0
DA:119,0
DA:120,0
DA:123,0
DA:126,2
DA:127,3
DA:128,2
DA:129,2
DA:132,2
DA:133,1
DA:134,1
DA:136,1
DA:137,1
DA:138,0
DA:139,0
DA:140,0
DA:144,1
DA:147,2
LF:66
LH:50
BRDA:4,0,0,6
BRDA:6,1,0,0
BRDA:6,1,1,6
BRDA:7,2,0,3
BRDA:7,2,1,3
BRDA:12,3,0,2
BRDA:12,3,1,1
BRDA:17,4,0,2
BRDA:17,4,1,1
BRDA:19,5,0,1
BRDA:19,5,1,1
BRDA:39,6,0,1
BRDA:39,6,1,3
BRDA:41,7,0,2
BRDA:41,7,1,1
BRDA:41,8,0,3
BRDA:41,8,1,2
BRDA:43,9,0,1
BRDA:43,9,1,1
BRDA:58,10,0,1
BRDA:58,10,1,4
BRDA:59,11,0,1
BRDA:59,11,1,3
BRDA:62,12,0,1
BRDA:62,12,1,2
BRDA:62,13,0,3
BRDA:62,13,1,1
BRDA:63,14,0,1
BRDA:63,14,1,1
BRDA:63,15,0,2
BRDA:63,15,1,1
BRDA:70,16,0,1
BRDA:70,16,1,1
BRDA:80,17,0,0
BRDA:80,17,1,0
BRDA:137,18,0,0
BRDA:137,18,1,1
BRDA:137,19,0,1
BRDA:137,19,1,0
BRDA:139,20,0,0
BRDA:139,20,1,0
BRF:41
BRH:34
end_of_record
TN:
SF:src\modules\invitations\invitations.controller.js
FN:3,(anonymous_0)
FN:12,(anonymous_1)
FN:23,(anonymous_2)
FN:32,(anonymous_3)
FNF:4
FNH:4
FNDA:2,(anonymous_0)
FNDA:2,(anonymous_1)
FNDA:2,(anonymous_2)
FNDA:2,(anonymous_3)
DA:1,1
DA:3,1
DA:4,2
DA:5,2
DA:6,1
DA:8,1
DA:12,1
DA:13,2
DA:14,2
DA:15,2
DA:16,2
DA:17,1
DA:19,1
DA:23,1
DA:24,2
DA:25,2
DA:26,1
DA:28,1
DA:32,1
DA:33,2
DA:34,2
DA:35,1
DA:37,1
DA:41,1
LF:24
LH:24
BRF:0
BRH:0
end_of_record
TN:
SF:src\modules\invitations\invitations.routes.js
FNF:0
FNH:0
DA:1,0
DA:2,0
DA:3,0
DA:5,0
DA:7,0
DA:8,0
DA:9,0
DA:10,0
DA:12,0
LF:9
LH:0
BRF:0
BRH:0
end_of_record
TN:
SF:src\modules\invitations\invitations.service.js
FN:4,(anonymous_0)
FN:16,(anonymous_1)
FN:21,(anonymous_2)
FN:43,(anonymous_3)
FN:50,(anonymous_4)
FNF:5
FNH:5
FNDA:9,(anonymous_0)
FNDA:3,(anonymous_1)
FNDA:5,(anonymous_2)
FNDA:2,(anonymous_3)
FNDA:5,(anonymous_4)
DA:1,2
DA:2,2
DA:4,2
DA:5,9
DA:6,9
DA:7,7
DA:9,1
DA:12,1
DA:13,0
DA:16,2
DA:17,3
DA:18,1
DA:21,2
DA:22,5
DA:23,4
DA:25,4
DA:26,5
DA:27,5
DA:29,3
DA:30,3
DA:32,3
DA:33,3
DA:34,2
DA:35,2
DA:37,1
DA:40,4
DA:43,2
DA:44,2
DA:45,2
DA:46,1
DA:47,1
DA:50,2
DA:51,5
DA:52,5
DA:53,4
DA:54,3
DA:55,1
DA:56,1
DA:58,2
DA:61,2
LF:40
LH:39
BRDA:6,0,0,2
BRDA:6,0,1,7
BRDA:7,1,0,6
BRDA:7,1,1,1
BRDA:12,2,0,1
BRDA:12,2,1,0
BRDA:27,3,0,2
BRDA:27,3,1,3
BRDA:45,4,0,1
BRDA:45,4,1,1
BRDA:52,5,0,1
BRDA:52,5,1,4
BRDA:53,6,0,1
BRDA:53,6,1,3
BRDA:54,7,0,1
BRDA:54,7,1,2
BRDA:54,8,0,3
BRDA:54,8,1,2
BRF:18
BRH:17
end_of_record
TN:
SF:src\modules\questions\questions.controller.js
FN:3,(anonymous_0)
FN:12,(anonymous_1)
FN:21,(anonymous_2)
FN:30,(anonymous_3)
FN:39,(anonymous_4)
FNF:5
FNH:5
FNDA:2,(anonymous_0)
FNDA:2,(anonymous_1)
FNDA:2,(anonymous_2)
FNDA:2,(anonymous_3)
FNDA:2,(anonymous_4)
DA:1,1
DA:3,1
DA:4,2
DA:5,2
DA:6,1
DA:8,1
DA:12,1
DA:13,2
DA:14,2
DA:15,1
DA:17,1
DA:21,1
DA:22,2
DA:23,2
DA:24,1
DA:26,1
DA:30,1
DA:31,2
DA:32,2
DA:33,1
DA:35,1
DA:39,1
DA:40,2
DA:41,2
DA:42,1
DA:44,1
DA:48,1
LF:27
LH:27
BRF:0
BRH:0
end_of_record
TN:
SF:src\modules\questions\questions.routes.js
FNF:0
FNH:0
DA:1,0
DA:2,0
DA:3,0
DA:5,0
DA:7,0
DA:9,0
DA:10,0
DA:11,0
DA:12,0
DA:13,0
DA:15,0
LF:11
LH:0
BRF:0
BRH:0
end_of_record
TN:
SF:src\modules\questions\questions.service.js
FN:3,(anonymous_0)
FN:15,(anonymous_1)
FN:24,(anonymous_2)
FN:46,(anonymous_3)
FN:65,(anonymous_4)
FN:73,(anonymous_5)
FNF:6
FNH:6
FNDA:8,(anonymous_0)
FNDA:3,(anonymous_1)
FNDA:2,(anonymous_2)
FNDA:2,(anonymous_3)
FNDA:2,(anonymous_4)
FNDA:1,(anonymous_5)
DA:1,2
DA:3,2
DA:4,8
DA:5,8
DA:6,7
DA:8,1
DA:11,1
DA:12,0
DA:15,2
DA:16,3
DA:17,1
DA:24,2
DA:25,2
DA:27,2
DA:31,2
DA:33,2
DA:35,2
DA:36,1
DA:37,2
DA:41,2
DA:46,2
DA:47,2
DA:48,2
DA:50,1
DA:51,1
DA:53,1
DA:54,1
DA:55,1
DA:56,1
DA:60,1
DA:65,2
DA:66,2
DA:67,2
DA:69,1
DA:70,1
DA:73,2
DA:74,1
DA:76,1
DA:77,2
DA:80,1
DA:87,2
LF:41
LH:40
BRDA:5,0,0,1
BRDA:5,0,1,7
BRDA:6,1,0,6
BRDA:6,1,1,1
BRDA:11,2,0,1
BRDA:11,2,1,0
BRDA:31,3,0,1
BRDA:31,3,1,1
BRDA:35,4,0,1
BRDA:35,4,1,1
BRDA:35,5,0,2
BRDA:35,5,1,1
BRDA:48,6,0,1
BRDA:48,6,1,1
BRDA:53,7,0,1
BRDA:53,7,1,0
BRDA:67,8,0,1
BRDA:67,8,1,1
BRF:18
BRH:16
end_of_record
TN:
SF:src\modules\reports\reports.controller.js
FN:3,(anonymous_0)
FN:12,(anonymous_1)
FN:21,(anonymous_2)
FN:30,(anonymous_3)
FN:41,(anonymous_4)
FNF:5
FNH:5
FNDA:2,(anonymous_0)
FNDA:2,(anonymous_1)
FNDA:2,(anonymous_2)
FNDA:2,(anonymous_3)
FNDA:2,(anonymous_4)
DA:1,1
DA:3,1
DA:4,2
DA:5,2
DA:6,1
DA:8,1
DA:12,1
DA:13,2
DA:14,2
DA:15,1
DA:17,1
DA:21,1
DA:22,2
DA:23,2
DA:24,1
DA:26,1
DA:30,1
DA:31,2
DA:32,2
DA:33,1
DA:34,1
DA:35,1
DA:37,1
DA:41,1
DA:42,2
DA:43,2
DA:44,1
DA:46,1
DA:50,1
LF:29
LH:29
BRF:0
BRH:0
end_of_record
TN:
SF:src\modules\reports\reports.routes.js
FNF:0
FNH:0
DA:1,0
DA:2,0
DA:3,0
DA:5,0
DA:7,0
DA:9,0
DA:10,0
DA:11,0
DA:12,0
DA:13,0
DA:15,0
LF:11
LH:0
BRF:0
BRH:0
end_of_record
TN:
SF:src\modules\reports\reports.service.js
FN:4,(anonymous_0)
FN:16,(anonymous_1)
FN:35,(anonymous_2)
FN:67,(anonymous_3)
FN:68,(anonymous_4)
FN:76,(anonymous_5)
FN:80,(anonymous_6)
FN:89,(anonymous_7)
FN:106,(anonymous_8)
FN:108,(anonymous_9)
FN:112,(anonymous_10)
FN:120,(anonymous_11)
FN:138,(anonymous_12)
FN:140,(anonymous_13)
FN:146,(anonymous_14)
FN:152,(anonymous_15)
FN:161,(anonymous_16)
FN:161,(anonymous_17)
FN:165,(anonymous_18)
FN:173,(anonymous_19)
FNF:20
FNH:11
FNDA:15,(anonymous_0)
FNDA:6,(anonymous_1)
FNDA:4,(anonymous_2)
FNDA:3,(anonymous_3)
FNDA:3,(anonymous_4)
FNDA:3,(anonymous_5)
FNDA:0,(anonymous_6)
FNDA:0,(anonymous_7)
FNDA:0,(anonymous_8)
FNDA:0,(anonymous_9)
FNDA:0,(anonymous_10)
FNDA:5,(anonymous_11)
FNDA:0,(anonymous_12)
FNDA:5,(anonymous_13)
FNDA:2,(anonymous_14)
FNDA:0,(anonymous_15)
FNDA:7,(anonymous_16)
FNDA:29,(anonymous_17)
FNDA:0,(anonymous_18)
FNDA:0,(anonymous_19)
DA:1,2
DA:2,2
DA:4,2
DA:5,15
DA:6,15
DA:7,12
DA:9,1
DA:12,1
DA:13,0
DA:16,2
DA:17,6
DA:19,4
DA:20,4
DA:21,4
DA:22,4
DA:24,4
DA:35,2
DA:36,4
DA:38,3
DA:44,3
DA:46,3
DA:47,3
DA:52,3
DA:54,3
DA:55,1
DA:56,2
DA:58,1
DA:59,3
DA:60,3
DA:63,1
DA:66,3
DA:67,3
DA:68,3
DA:69,1
DA:75,3
DA:76,3
DA:79,3
DA:80,0
DA:83,3
DA:86,3
DA:89,2
DA:90,0
DA:92,0
DA:102,0
DA:105,0
DA:106,0
DA:108,0
DA:109,0
DA:110,0
DA:111,0
DA:112,0
DA:117,0
DA:120,2
DA:121,5
DA:123,4
DA:128,4
DA:134,4
DA:137,4
DA:138,4
DA:140,5
DA:141,4
DA:143,4
DA:144,3
DA:145,3
DA:146,3
DA:147,3
DA:149,2
DA:150,1
DA:151,0
DA:152,0
DA:153,0
DA:155,0
DA:156,0
DA:158,3
DA:161,29
DA:162,4
DA:165,2
DA:166,0
DA:168,0
DA:173,0
DA:180,2
LF:81
LH:60
BRDA:6,0,0,3
BRDA:6,0,1,12
BRDA:7,1,0,11
BRDA:7,1,1,1
BRDA:12,2,0,1
BRDA:12,2,1,0
BRDA:22,3,0,3
BRDA:22,3,1,1
BRDA:54,4,0,1
BRDA:54,4,1,2
BRDA:60,5,0,3
BRDA:60,5,1,0
BRDA:66,6,0,1
BRDA:66,6,1,2
BRDA:75,7,0,1
BRDA:75,7,1,2
BRDA:79,8,0,0
BRDA:79,8,1,3
BRDA:111,9,0,0
BRDA:111,9,1,0
BRDA:111,10,0,0
BRDA:111,10,1,0
BRDA:111,10,2,0
BRDA:112,11,0,0
BRDA:112,11,1,0
BRDA:144,12,0,3
BRDA:144,12,1,1
BRDA:147,13,0,1
BRDA:147,13,1,2
BRDA:149,14,0,1
BRDA:149,14,1,1
BRDA:150,15,0,1
BRDA:150,15,1,0
BRDA:150,16,0,1
BRDA:150,16,1,0
BRDA:151,17,0,0
BRDA:151,17,1,0
BRDA:152,18,0,0
BRDA:152,18,1,0
BRDA:155,19,0,0
BRDA:155,19,1,0
BRDA:176,20,0,0
BRDA:176,20,1,0
BRF:43
BRH:23
end_of_record
TN:
SF:src\modules\submissions\submissions.controller.js
FN:3,(anonymous_0)
FN:15,(anonymous_1)
FN:25,(anonymous_2)
FN:35,(anonymous_3)
FN:44,(anonymous_4)
FNF:5
FNH:5
FNDA:3,(anonymous_0)
FNDA:2,(anonymous_1)
FNDA:2,(anonymous_2)
FNDA:2,(anonymous_3)
FNDA:2,(anonymous_4)
DA:1,1
DA:3,1
DA:4,3
DA:5,3
DA:6,3
DA:7,3
DA:8,3
DA:9,2
DA:11,1
DA:15,1
DA:16,2
DA:17,2
DA:18,2
DA:19,1
DA:21,1
DA:25,1
DA:26,2
DA:27,2
DA:28,2
DA:29,1
DA:31,1
DA:35,1
DA:36,2
DA:37,2
DA:38,1
DA:40,1
DA:44,1
DA:45,2
DA:46,2
DA:47,1
DA:49,1
DA:53,1
LF:32
LH:32
BRDA:6,0,0,3
BRDA:6,0,1,2
BRF:2
BRH:2
end_of_record
TN:
SF:src\modules\submissions\submissions.routes.js
FNF:0
FNH:0
DA:1,0
DA:2,0
DA:3,0
DA:5,0
DA:7,0
DA:8,0
DA:9,0
DA:10,0
DA:11,0
DA:13,0
LF:10
LH:0
BRF:0
BRH:0
end_of_record
TN:
SF:src\modules\submissions\submissions.service.js
FN:4,(anonymous_0)
FN:40,(anonymous_1)
FN:59,(anonymous_2)
FN:72,(anonymous_3)
FN:110,(anonymous_4)
FN:123,(anonymous_5)
FNF:6
FNH:5
FNDA:11,(anonymous_0)
FNDA:3,(anonymous_1)
FNDA:5,(anonymous_2)
FNDA:0,(anonymous_3)
FNDA:2,(anonymous_4)
FNDA:2,(anonymous_5)
DA:1,2
DA:2,2
DA:4,2
DA:5,11
DA:6,11
DA:7,10
DA:9,9
DA:10,9
DA:11,8
DA:13,7
DA:14,7
DA:15,3
DA:16,2
DA:17,2
DA:18,1
DA:19,0
DA:20,0
DA:23,4
DA:24,1
DA:25,1
DA:28,3
DA:29,3
DA:31,2
DA:40,2
DA:41,3
DA:42,3
DA:43,2
DA:45,1
DA:46,2
DA:56,1
DA:59,2
DA:60,5
DA:64,5
DA:65,4
DA:67,3
DA:68,3
DA:69,3
DA:71,3
DA:72,1
DA:73,1
DA:75,0
DA:76,0
DA:77,0
DA:78,0
DA:79,0
DA:80,0
DA:84,2
DA:86,2
DA:87,0
DA:90,2
DA:91,2
DA:92,2
DA:94,2
DA:95,1
DA:96,1
DA:97,1
DA:98,1
DA:102,2
DA:103,0
DA:107,2
DA:110,2
DA:111,2
DA:112,2
DA:114,1
DA:123,2
DA:124,2
DA:128,2
DA:129,1
DA:132,2
LF:69
LH:59
BRDA:6,0,0,1
BRDA:6,0,1,10
BRDA:7,1,0,1
BRDA:7,1,1,9
BRDA:10,2,0,1
BRDA:10,2,1,8
BRDA:10,3,0,9
BRDA:10,3,1,1
BRDA:11,4,0,1
BRDA:11,4,1,7
BRDA:11,5,0,8
BRDA:11,5,1,1
BRDA:14,6,0,3
BRDA:14,6,1,4
BRDA:15,7,0,1
BRDA:15,7,1,2
BRDA:17,8,0,1
BRDA:17,8,1,1
BRDA:18,9,0,1
BRDA:18,9,1,0
BRDA:23,10,0,1
BRDA:23,10,1,3
BRDA:23,11,0,4
BRDA:23,11,1,1
BRDA:25,12,0,1
BRDA:25,12,1,0
BRDA:28,13,0,3
BRDA:28,13,1,0
BRDA:29,14,0,1
BRDA:29,14,1,2
BRDA:33,15,0,1
BRDA:33,15,1,1
BRDA:42,16,0,1
BRDA:42,16,1,2
BRDA:43,17,0,1
BRDA:43,17,1,1
BRDA:49,18,0,2
BRDA:49,18,1,1
BRDA:50,19,0,2
BRDA:50,19,1,2
BRDA:51,20,0,2
BRDA:51,20,1,1
BRDA:52,21,0,2
BRDA:52,21,1,2
BRDA:64,22,0,1
BRDA:64,22,1,4
BRDA:65,23,0,1
BRDA:65,23,1,3
BRDA:73,24,0,1
BRDA:73,24,1,0
BRDA:73,25,0,1
BRDA:73,25,1,1
BRDA:75,26,0,0
BRDA:75,26,1,0
BRDA:75,27,0,0
BRDA:75,27,1,0
BRDA:76,28,0,0
BRDA:76,28,1,0
BRDA:79,29,0,0
BRDA:79,29,1,0
BRDA:79,30,0,0
BRDA:79,30,1,0
BRDA:80,31,0,0
BRDA:80,31,1,0
BRDA:80,32,0,0
BRDA:80,32,1,0
BRDA:86,33,0,0
BRDA:86,33,1,2
BRDA:91,34,0,2
BRDA:91,34,1,0
BRDA:94,35,0,1
BRDA:94,35,1,1
BRDA:94,36,0,2
BRDA:94,36,1,1
BRDA:94,36,2,1
BRDA:96,37,0,1
BRDA:96,37,1,0
BRDA:102,38,0,0
BRDA:102,38,1,2
BRDA:102,39,0,2
BRDA:102,39,1,0
BRDA:112,40,0,1
BRDA:112,40,1,1
BRDA:128,41,0,1
BRDA:128,41,1,1
BRF:85
BRH:62
end_of_record
TN:
SF:src\modules\users\user.controller.js
FN:3,(anonymous_0)
FN:12,(anonymous_1)
FN:21,(anonymous_2)
FN:31,(anonymous_3)
FN:41,(anonymous_4)
FNF:5
FNH:5
FNDA:2,(anonymous_0)
FNDA:2,(anonymous_1)
FNDA:2,(anonymous_2)
FNDA:2,(anonymous_3)
FNDA:2,(anonymous_4)
DA:1,1
DA:3,1
DA:4,2
DA:5,2
DA:6,1
DA:8,1
DA:12,1
DA:13,2
DA:14,2
DA:15,1
DA:17,1
DA:21,1
DA:22,2
DA:23,2
DA:24,2
DA:25,1
DA:27,1
DA:31,1
DA:32,2
DA:33,2
DA:34,2
DA:35,1
DA:37,1
DA:41,1
DA:42,2
DA:43,2
DA:44,1
DA:46,1
DA:50,1
LF:29
LH:29
BRF:0
BRH:0
end_of_record
TN:
SF:src\modules\users\user.service.js
FN:3,(anonymous_0)
FN:8,(anonymous_1)
FN:14,(anonymous_2)
FN:19,(anonymous_3)
FN:32,(anonymous_4)
FNF:5
FNH:5
FNDA:2,(anonymous_0)
FNDA:2,(anonymous_1)
FNDA:5,(anonymous_2)
FNDA:7,(anonymous_3)
FNDA:4,(anonymous_4)
DA:1,2
DA:3,2
DA:4,2
DA:5,2
DA:8,2
DA:9,2
DA:10,2
DA:11,1
DA:14,2
DA:15,5
DA:16,2
DA:19,2
DA:20,7
DA:21,7
DA:23,6
DA:24,6
DA:26,5
DA:27,5
DA:29,4
DA:32,2
DA:33,4
DA:34,4
DA:36,3
DA:37,3
DA:39,2
DA:42,2
LF:26
LH:26
BRDA:10,0,0,1
BRDA:10,0,1,1
BRDA:15,1,0,3
BRDA:15,1,1,2
BRDA:15,2,0,5
BRDA:15,2,1,3
BRDA:21,3,0,1
BRDA:21,3,1,6
BRDA:24,4,0,1
BRDA:24,4,1,5
BRDA:27,5,0,1
BRDA:27,5,1,4
BRDA:34,6,0,1
BRDA:34,6,1,3
BRDA:37,7,0,1
BRDA:37,7,1,2
BRF:16
BRH:16
end_of_record
TN:
SF:src\modules\users\users.route.js
FNF:0
FNH:0
DA:1,0
DA:2,0
DA:3,0
DA:5,0
DA:7,0
DA:8,0
DA:10,0
DA:11,0
DA:12,0
DA:13,0
DA:14,0
DA:16,0
LF:12
LH:0
BRF:0
BRH:0
end_of_record
TN:
SF:src\repositories\campaign-member.repository.js
FN:3,getMembership
FN:9,insertMember
FNF:2
FNH:2
FNDA:2,getMembership
FNDA:1,insertMember
DA:1,3
DA:4,2
DA:10,1
DA:12,3
LF:4
LH:4
BRF:0
BRH:0
end_of_record
TN:
SF:src\repositories\campaign-repository.js
FN:7,getAllCampaigns
FN:19,getAllUserCampaigns
FN:28,getAsMemberCampaigns
FN:45,createCampaign
FN:55,getCampaignDetails
FN:68,getCampaignById
FN:77,updateCampaignState
FN:87,deleteCampaign
FNF:8
FNH:8
FNDA:1,getAllCampaigns
FNDA:1,getAllUserCampaigns
FNDA:1,getAsMemberCampaigns
FNDA:1,createCampaign
FNDA:1,getCampaignDetails
FNDA:1,getCampaignById
FNDA:1,updateCampaignState
FNDA:1,deleteCampaign
DA:1,3
DA:2,3
DA:3,3
DA:4,3
DA:5,3
DA:8,1
DA:9,1
DA:12,1
DA:15,0
DA:20,1
DA:21,1
DA:22,1
DA:24,0
DA:29,1
DA:30,1
DA:39,1
DA:41,0
DA:46,1
DA:47,1
DA:48,1
DA:49,1
DA:51,0
DA:56,1
DA:57,1
DA:62,1
DA:64,0
DA:69,1
DA:70,1
DA:71,1
DA:73,0
DA:78,1
DA:79,1
DA:80,1
DA:83,0
DA:88,1
DA:89,1
DA:90,1
DA:92,0
DA:95,3
LF:39
LH:31
BRF:0
BRH:0
end_of_record
TN:
SF:src\repositories\user.repository.js
FN:5,getAllUsers
FN:13,getUserById
FN:18,getUserByEmail
FN:22,updateUserById
FN:26,createUser
FN:32,countUserCampaigns
FN:41,countUserSubmissions
FN:50,deleteUser
FN:59,getUserCampaigns
FNF:9
FNH:8
FNDA:1,getAllUsers
FNDA:1,getUserById
FNDA:1,getUserByEmail
FNDA:1,updateUserById
FNDA:1,createUser
FNDA:2,countUserCampaigns
FNDA:2,countUserSubmissions
FNDA:2,deleteUser
FNDA:0,getUserCampaigns
DA:1,7
DA:2,7
DA:3,7
DA:8,1
DA:14,1
DA:19,1
DA:23,1
DA:24,1
DA:28,1
DA:29,1
DA:33,2
DA:34,2
DA:35,1
DA:37,1
DA:42,2
DA:43,2
DA:44,1
DA:46,1
DA:51,2
DA:52,2
DA:53,1
DA:55,1
DA:62,7
LF:23
LH:23
BRF:0
BRH:0
end_of_record
TN:
SF:src\utils\jwt.js
FN:3,(anonymous_0)
FN:11,(anonymous_1)
FN:19,(anonymous_2)
FNF:3
FNH:3
FNDA:2,(anonymous_0)
FNDA:2,(anonymous_1)
FNDA:3,(anonymous_2)
DA:1,4
DA:3,4
DA:4,2
DA:11,4
DA:12,2
DA:19,4
DA:20,3
DA:23,4
LF:8
LH:8
BRDA:7,0,0,2
BRDA:7,0,1,1
BRDA:15,1,0,2
BRDA:15,1,1,1
BRF:4
BRH:4
end_of_record
TN:
SF:src\utils\mailer.js
FN:12,(anonymous_0)
FN:21,(anonymous_1)
FN:34,(anonymous_2)
FN:45,(anonymous_3)
FN:56,(anonymous_4)
FNF:5
FNH:4
FNDA:9,(anonymous_0)
FNDA:2,(anonymous_1)
FNDA:2,(anonymous_2)
FNDA:2,(anonymous_3)
FNDA:0,(anonymous_4)
DA:1,7
DA:3,7
DA:12,7
DA:13,9
DA:21,7
DA:22,2
DA:34,7
DA:35,2
DA:45,7
DA:46,2
DA:56,7
DA:57,0
DA:67,7
LF:13
LH:12
BRF:0
BRH:0
end_of_record
TN:
SF:src\utils\validateInputsValue.js
FN:1,validateEmail
FN:20,validateInput
FN:32,validateRole
FNF:3
FNH:3
FNDA:5,validateEmail
FNDA:4,validateInput
FNDA:5,validateRole
DA:2,5
DA:3,5
DA:4,1
DA:9,4
DA:10,2
DA:15,2
DA:21,4
DA:22,2
DA:27,2
DA:33,5
DA:34,5
DA:35,2
DA:40,3
DA:45,3
LF:14
LH:14
BRDA:3,0,0,1
BRDA:3,0,1,4
BRDA:9,1,0,2
BRDA:9,1,1,2
BRDA:21,2,0,2
BRDA:21,2,1,2
BRDA:34,3,0,2
BRDA:34,3,1,3
BRF:8
BRH:8
end_of_record
